#! /usr/bin/vvp
:ivl_version "12.0 (stable)";
:ivl_delay_selection "TYPICAL";
:vpi_time_precision - 9;
:vpi_module "/usr/lib/x86_64-linux-gnu/ivl/system.vpi";
:vpi_module "/usr/lib/x86_64-linux-gnu/ivl/vhdl_sys.vpi";
:vpi_module "/usr/lib/x86_64-linux-gnu/ivl/vhdl_textio.vpi";
:vpi_module "/usr/lib/x86_64-linux-gnu/ivl/v2005_math.vpi";
:vpi_module "/usr/lib/x86_64-linux-gnu/ivl/va_math.vpi";
:vpi_module "/usr/lib/x86_64-linux-gnu/ivl/v2009.vpi";
S_0x5b2cb1169d30 .scope package, "$unit" "$unit" 2 1;
 .timescale 0 0;
S_0x5b2cb1169ec0 .scope module, "tb_top" "tb_top" 3 3;
 .timescale -9 -9;
P_0x5b2cb11130a0 .param/l "CLK_PERIOD_NS" 1 3 42, +C4<00000000000000000000000000001010>;
v0x5b2cb11dadf0_0 .var "clk", 0 0;
v0x5b2cb11daeb0_0 .net "convst_bar", 0 0, v0x5b2cb11d0910_0;  1 drivers
v0x5b2cb11dafc0_0 .var "data_in", 7 0;
v0x5b2cb11db0b0_0 .net "duty_high0", 0 0, L_0x5b2cb11de020;  1 drivers
v0x5b2cb11db150_0 .net "duty_high1", 0 0, L_0x5b2cb11de110;  1 drivers
v0x5b2cb11db240_0 .net "duty_high2", 0 0, L_0x5b2cb11de200;  1 drivers
v0x5b2cb11db2e0_0 .net "duty_high3", 0 0, L_0x5b2cb11de2a0;  1 drivers
v0x5b2cb11db380_0 .net "duty_low0", 0 0, L_0x5b2cb11de3c0;  1 drivers
v0x5b2cb11db420_0 .net "duty_low1", 0 0, L_0x5b2cb11de4b0;  1 drivers
v0x5b2cb11db4c0_0 .net "duty_low2", 0 0, L_0x5b2cb11de670;  1 drivers
v0x5b2cb11db590_0 .net "duty_low3", 0 0, L_0x5b2cb11de710;  1 drivers
v0x5b2cb11db660_0 .var "rst", 0 0;
v0x5b2cb11db700_0 .var/i "sample_idx", 31 0;
v0x5b2cb11db7a0_0 .var/i "seed", 31 0;
E_0x5b2cb1164680 .event anyedge, v0x5b2cb11d0be0_0;
E_0x5b2cb1164450 .event negedge, v0x5b2cb11d0910_0;
S_0x5b2cb1171840 .scope autofunction.vec4.s8, "clamp_u8" "clamp_u8" 3 53, 3 53 0, S_0x5b2cb1169ec0;
 .timescale -9 -9;
; Variable clamp_u8 is vec4 return value of scope S_0x5b2cb1171840
v0x5b2cb11a0210_0 .var/i "x", 31 0;
TD_tb_top.clamp_u8 ;
    %load/vec4 v0x5b2cb11a0210_0;
    %cmpi/s 0, 0, 32;
    %jmp/0xz  T_0.0, 5;
    %pushi/vec4 0, 0, 8;
    %ret/vec4 0, 0, 8;  Assign to clamp_u8 (store_vec4_to_lval)
    %jmp T_0.1;
T_0.0 ;
    %load/vec4 v0x5b2cb11a0210_0;
    %cmpi/s 255, 0, 32;
    %flag_or 5, 4; GT is !LE
    %flag_inv 5;
    %jmp/0xz  T_0.2, 5;
    %pushi/vec4 255, 0, 8;
    %ret/vec4 0, 0, 8;  Assign to clamp_u8 (store_vec4_to_lval)
    %jmp T_0.3;
T_0.2 ;
    %load/vec4 v0x5b2cb11a0210_0;
    %parti/s 8, 0, 2;
    %ret/vec4 0, 0, 8;  Assign to clamp_u8 (store_vec4_to_lval)
T_0.3 ;
T_0.1 ;
    %end;
S_0x5b2cb11d0060 .scope autotask, "drive_next_sample" "drive_next_sample" 3 103, 3 103 0, S_0x5b2cb1169ec0;
 .timescale -9 -9;
v0x5b2cb11a02b0_0 .var "s", 7 0;
TD_tb_top.drive_next_sample ;
    %alloc S_0x5b2cb11da890;
    %load/vec4 v0x5b2cb11db700_0;
    %store/vec4 v0x5b2cb11dab70_0, 0, 32;
    %callf/vec4 TD_tb_top.sample_gen, S_0x5b2cb11da890;
    %free S_0x5b2cb11da890;
    %store/vec4 v0x5b2cb11a02b0_0, 0, 8;
    %load/vec4 v0x5b2cb11a02b0_0;
    %store/vec4 v0x5b2cb11dafc0_0, 0, 8;
    %load/vec4 v0x5b2cb11db700_0;
    %addi 1, 0, 32;
    %store/vec4 v0x5b2cb11db700_0, 0, 32;
    %end;
S_0x5b2cb11d02a0 .scope module, "dut" "top" 3 24, 4 2 0, S_0x5b2cb1169ec0;
 .timescale -9 -9;
    .port_info 0 /INPUT 1 "clk";
    .port_info 1 /INPUT 1 "rst";
    .port_info 2 /INPUT 8 "data_in";
    .port_info 3 /OUTPUT 1 "duty_high0";
    .port_info 4 /OUTPUT 1 "duty_low0";
    .port_info 5 /OUTPUT 1 "duty_high1";
    .port_info 6 /OUTPUT 1 "duty_low1";
    .port_info 7 /OUTPUT 1 "duty_high2";
    .port_info 8 /OUTPUT 1 "duty_low2";
    .port_info 9 /OUTPUT 1 "duty_high3";
    .port_info 10 /OUTPUT 1 "duty_low3";
    .port_info 11 /OUTPUT 1 "convst_bar";
v0x5b2cb11d94e0_0 .net "clk", 0 0, v0x5b2cb11dadf0_0;  1 drivers
v0x5b2cb11d95a0_0 .net "clk_comp", 0 0, v0x5b2cb11978e0_0;  1 drivers
v0x5b2cb11d96b0_0 .net "clk_dpwm", 0 0, v0x5b2cb11d0850_0;  1 drivers
v0x5b2cb11d97a0_0 .net "convst_bar", 0 0, v0x5b2cb11d0910_0;  alias, 1 drivers
v0x5b2cb11d9840_0 .net "count", 6 0, v0x5b2cb11d2000_0;  1 drivers
v0x5b2cb11d9980_0 .net "d_n", 9 0, L_0x5b2cb11dd5c0;  1 drivers
v0x5b2cb11d9a70_0 .net "d_n_input", 6 0, L_0x5b2cb11dbe40;  1 drivers
v0x5b2cb11d9b60_0 .net "data_in", 7 0, v0x5b2cb11dafc0_0;  1 drivers
v0x5b2cb11d9c20_0 .net "duty_high", 0 0, v0x5b2cb11d21d0_0;  1 drivers
v0x5b2cb11d9d50_0 .net "duty_high0", 0 0, L_0x5b2cb11de020;  alias, 1 drivers
v0x5b2cb11d9df0_0 .net "duty_high1", 0 0, L_0x5b2cb11de110;  alias, 1 drivers
v0x5b2cb11d9eb0_0 .net "duty_high2", 0 0, L_0x5b2cb11de200;  alias, 1 drivers
v0x5b2cb11d9f70_0 .net "duty_high3", 0 0, L_0x5b2cb11de2a0;  alias, 1 drivers
v0x5b2cb11da030_0 .net "duty_high_reg", 3 0, L_0x5b2cb11dd830;  1 drivers
v0x5b2cb11da0f0_0 .net "duty_low", 0 0, v0x5b2cb11d2270_0;  1 drivers
v0x5b2cb11da1e0_0 .net "duty_low0", 0 0, L_0x5b2cb11de3c0;  alias, 1 drivers
v0x5b2cb11da280_0 .net "duty_low1", 0 0, L_0x5b2cb11de4b0;  alias, 1 drivers
v0x5b2cb11da340_0 .net "duty_low2", 0 0, L_0x5b2cb11de670;  alias, 1 drivers
v0x5b2cb11da400_0 .net "duty_low3", 0 0, L_0x5b2cb11de710;  alias, 1 drivers
v0x5b2cb11da4c0_0 .net "duty_low_reg", 3 0, L_0x5b2cb11ddd20;  1 drivers
v0x5b2cb11da580_0 .net "err", 3 0, v0x5b2cb11d2920_0;  1 drivers
v0x5b2cb11da670_0 .net "rst", 0 0, v0x5b2cb11db660_0;  1 drivers
L_0x5b2cb11de020 .part L_0x5b2cb11dd830, 0, 1;
L_0x5b2cb11de110 .part L_0x5b2cb11dd830, 1, 1;
L_0x5b2cb11de200 .part L_0x5b2cb11dd830, 2, 1;
L_0x5b2cb11de2a0 .part L_0x5b2cb11dd830, 3, 1;
L_0x5b2cb11de3c0 .part L_0x5b2cb11ddd20, 0, 1;
L_0x5b2cb11de4b0 .part L_0x5b2cb11ddd20, 1, 1;
L_0x5b2cb11de670 .part L_0x5b2cb11ddd20, 2, 1;
L_0x5b2cb11de710 .part L_0x5b2cb11ddd20, 3, 1;
S_0x5b2cb11d05b0 .scope module, "clkdivider" "clkdivider" 4 26, 5 1 0, S_0x5b2cb11d02a0;
 .timescale -9 -9;
    .port_info 0 /INPUT 1 "clk";
    .port_info 1 /INPUT 1 "rst";
    .port_info 2 /INPUT 7 "count";
    .port_info 3 /OUTPUT 1 "convst_bar";
    .port_info 4 /OUTPUT 1 "clk_comp";
    .port_info 5 /OUTPUT 1 "clk_dpwm";
v0x5b2cb1196f70_0 .net "clk", 0 0, v0x5b2cb11dadf0_0;  alias, 1 drivers
v0x5b2cb1197810_0 .var "clk2", 5 0;
v0x5b2cb11978e0_0 .var "clk_comp", 0 0;
v0x5b2cb11d0850_0 .var "clk_dpwm", 0 0;
v0x5b2cb11d0910_0 .var "convst_bar", 0 0;
v0x5b2cb11d0a20_0 .net "count", 6 0, v0x5b2cb11d2000_0;  alias, 1 drivers
v0x5b2cb11d0b00_0 .net "count_lsb", 3 0, L_0x5b2cb11db840;  1 drivers
v0x5b2cb11d0be0_0 .net "rst", 0 0, v0x5b2cb11db660_0;  alias, 1 drivers
E_0x5b2cb1164160 .event posedge, v0x5b2cb11d0be0_0, v0x5b2cb1196f70_0;
L_0x5b2cb11db840 .part v0x5b2cb11d2000_0, 2, 4;
S_0x5b2cb11d0d60 .scope module, "dither" "dither" 4 34, 6 1 0, S_0x5b2cb11d02a0;
 .timescale -9 -9;
    .port_info 0 /INPUT 1 "clk_in";
    .port_info 1 /INPUT 1 "rst";
    .port_info 2 /INPUT 10 "d_n_input";
    .port_info 3 /OUTPUT 7 "d_dith";
L_0x5b2cb1195c90 .functor BUFZ 8, L_0x5b2cb11db910, C4<00000000>, C4<00000000>, C4<00000000>;
v0x5b2cb11d0fa0_0 .net *"_ivl_0", 7 0, L_0x5b2cb11db910;  1 drivers
v0x5b2cb11d10a0_0 .net *"_ivl_11", 6 0, L_0x5b2cb11dbc70;  1 drivers
v0x5b2cb11d1180_0 .net *"_ivl_12", 6 0, L_0x5b2cb11dbd40;  1 drivers
L_0x7c01192ce060 .functor BUFT 1, C4<000000>, C4<0>, C4<0>, C4<0>;
v0x5b2cb11d1240_0 .net *"_ivl_15", 5 0, L_0x7c01192ce060;  1 drivers
v0x5b2cb11d1320_0 .net *"_ivl_3", 2 0, L_0x5b2cb11dba10;  1 drivers
v0x5b2cb11d1450_0 .net *"_ivl_4", 4 0, L_0x5b2cb11dbae0;  1 drivers
L_0x7c01192ce018 .functor BUFT 1, C4<00>, C4<0>, C4<0>, C4<0>;
v0x5b2cb11d1530_0 .net *"_ivl_7", 1 0, L_0x7c01192ce018;  1 drivers
v0x5b2cb11d1610_0 .net "clk_in", 0 0, v0x5b2cb11d0850_0;  alias, 1 drivers
v0x5b2cb11d16b0_0 .var "count", 2 0;
v0x5b2cb11d1770_0 .net "d_dith", 6 0, L_0x5b2cb11dbe40;  alias, 1 drivers
v0x5b2cb11d1850_0 .net "d_n_input", 9 0, L_0x5b2cb11dd5c0;  alias, 1 drivers
v0x5b2cb11d1930 .array "dith_T", 0 7, 7 0;
v0x5b2cb11d19f0_0 .var "dith_point", 0 0;
v0x5b2cb11d1ab0_0 .net "dith_raw", 7 0, L_0x5b2cb1195c90;  1 drivers
v0x5b2cb11d1b90_0 .net "rst", 0 0, v0x5b2cb11db660_0;  alias, 1 drivers
E_0x5b2cb1164cf0 .event anyedge, v0x5b2cb11d16b0_0;
E_0x5b2cb11369c0 .event posedge, v0x5b2cb11d0be0_0, v0x5b2cb11d0850_0;
L_0x5b2cb11db910 .array/port v0x5b2cb11d1930, L_0x5b2cb11dbae0;
L_0x5b2cb11dba10 .part L_0x5b2cb11dd5c0, 0, 3;
L_0x5b2cb11dbae0 .concat [ 3 2 0 0], L_0x5b2cb11dba10, L_0x7c01192ce018;
L_0x5b2cb11dbc70 .part L_0x5b2cb11dd5c0, 3, 7;
L_0x5b2cb11dbd40 .concat [ 1 6 0 0], v0x5b2cb11d19f0_0, L_0x7c01192ce060;
L_0x5b2cb11dbe40 .arith/sum 7, L_0x5b2cb11dbc70, L_0x5b2cb11dbd40;
S_0x5b2cb11d1cc0 .scope module, "dither_time" "dither_time" 4 41, 7 1 0, S_0x5b2cb11d02a0;
 .timescale -9 -9;
    .port_info 0 /INPUT 1 "clk";
    .port_info 1 /INPUT 1 "rst";
    .port_info 2 /INPUT 7 "d_n_input";
    .port_info 3 /OUTPUT 1 "duty_high";
    .port_info 4 /OUTPUT 1 "duty_low";
    .port_info 5 /OUTPUT 7 "count";
v0x5b2cb11d1f30_0 .net "clk", 0 0, v0x5b2cb11dadf0_0;  alias, 1 drivers
v0x5b2cb11d2000_0 .var "count", 6 0;
v0x5b2cb11d20d0_0 .net "d_n_input", 6 0, L_0x5b2cb11dbe40;  alias, 1 drivers
v0x5b2cb11d21d0_0 .var "duty_high", 0 0;
v0x5b2cb11d2270_0 .var "duty_low", 0 0;
v0x5b2cb11d2360_0 .net "rst", 0 0, v0x5b2cb11db660_0;  alias, 1 drivers
S_0x5b2cb11d2550 .scope module, "encoder" "encoder" 4 20, 8 1 0, S_0x5b2cb11d02a0;
 .timescale -9 -9;
    .port_info 0 /INPUT 1 "clk";
    .port_info 1 /INPUT 1 "rst";
    .port_info 2 /INPUT 8 "datain";
    .port_info 3 /OUTPUT 4 "en";
v0x5b2cb11d2730_0 .net "clk", 0 0, v0x5b2cb11dadf0_0;  alias, 1 drivers
v0x5b2cb11d2840_0 .net "datain", 7 0, v0x5b2cb11dafc0_0;  alias, 1 drivers
v0x5b2cb11d2920_0 .var "en", 3 0;
v0x5b2cb11d29e0_0 .net "rst", 0 0, v0x5b2cb11db660_0;  alias, 1 drivers
S_0x5b2cb11d2b00 .scope module, "stanley" "stanley" 4 50, 9 2 0, S_0x5b2cb11d02a0;
 .timescale -9 -9;
    .port_info 0 /INPUT 1 "clk";
    .port_info 1 /INPUT 1 "rst";
    .port_info 2 /INPUT 4 "err_in";
    .port_info 3 /OUTPUT 10 "d_comp";
P_0x5b2cb11b43e0 .param/l "DUTY_MAX" 1 9 19, +C4<0111100011001101>;
P_0x5b2cb11b4420 .param/l "DUTY_MAX_WIDE" 1 9 20, +C4<000111100011001101>;
v0x5b2cb11d30f0_0 .net *"_ivl_1", 0 0, L_0x5b2cb11dbfc0;  1 drivers
v0x5b2cb11d31d0_0 .net *"_ivl_10", 17 0, L_0x5b2cb11dc450;  1 drivers
v0x5b2cb11d32b0_0 .net *"_ivl_12", 17 0, L_0x5b2cb11dc5d0;  1 drivers
v0x5b2cb11d3370_0 .net *"_ivl_15", 0 0, L_0x5b2cb11dc710;  1 drivers
v0x5b2cb11d3450_0 .net *"_ivl_16", 1 0, L_0x5b2cb11dc800;  1 drivers
v0x5b2cb11d3530_0 .net *"_ivl_18", 17 0, L_0x5b2cb11dc8f0;  1 drivers
v0x5b2cb11d3610_0 .net *"_ivl_2", 1 0, L_0x5b2cb11dc060;  1 drivers
v0x5b2cb11d36f0_0 .net *"_ivl_20", 17 0, L_0x5b2cb11dca90;  1 drivers
v0x5b2cb11d37d0_0 .net *"_ivl_23", 0 0, L_0x5b2cb11dcb80;  1 drivers
v0x5b2cb11d38b0_0 .net *"_ivl_24", 1 0, L_0x5b2cb11dcc90;  1 drivers
v0x5b2cb11d3990_0 .net *"_ivl_26", 17 0, L_0x5b2cb11dcd80;  1 drivers
v0x5b2cb11d3a70_0 .net *"_ivl_28", 17 0, L_0x5b2cb11dcf40;  1 drivers
v0x5b2cb11d3b50_0 .net *"_ivl_31", 0 0, L_0x5b2cb11dd080;  1 drivers
v0x5b2cb11d3c30_0 .net *"_ivl_32", 1 0, L_0x5b2cb11dd1b0;  1 drivers
v0x5b2cb11d3d10_0 .net *"_ivl_34", 17 0, L_0x5b2cb11dd2a0;  1 drivers
v0x5b2cb11d3df0_0 .net *"_ivl_4", 17 0, L_0x5b2cb11dc150;  1 drivers
v0x5b2cb11d3ed0_0 .net *"_ivl_7", 0 0, L_0x5b2cb11dc290;  1 drivers
v0x5b2cb11d3fb0_0 .net *"_ivl_8", 1 0, L_0x5b2cb11dc360;  1 drivers
v0x5b2cb11d4090_0 .var/s "ae_product", 15 0;
v0x5b2cb11d4170_0 .var/s "be_product", 15 0;
v0x5b2cb11d4250_0 .var/s "ce_product", 15 0;
v0x5b2cb11d4330_0 .net "clk", 0 0, v0x5b2cb11978e0_0;  alias, 1 drivers
v0x5b2cb11d43d0_0 .net "d_comp", 9 0, L_0x5b2cb11dd5c0;  alias, 1 drivers
v0x5b2cb11d4470_0 .var/s "d_n_1", 15 0;
v0x5b2cb11d4530_0 .net/s "d_n_pre_wide", 17 0, L_0x5b2cb11dd480;  1 drivers
v0x5b2cb11d4610_0 .var/s "d_n_reg", 15 0;
v0x5b2cb11d46f0_0 .var/s "de_product", 15 0;
v0x5b2cb11d47d0_0 .var "en", 3 0;
v0x5b2cb11d48b0_0 .var "en1", 3 0;
v0x5b2cb11d4990_0 .var "en2", 3 0;
v0x5b2cb11d4a70_0 .var "en3", 3 0;
v0x5b2cb11d4b50_0 .net "err_in", 3 0, v0x5b2cb11d2920_0;  alias, 1 drivers
v0x5b2cb11d4c40_0 .net "rst", 0 0, v0x5b2cb11db660_0;  alias, 1 drivers
E_0x5b2cb11d1e50 .event anyedge, v0x5b2cb11d4530_0;
E_0x5b2cb11d2ea0 .event anyedge, v0x5b2cb11d4a70_0;
E_0x5b2cb11d2f00 .event anyedge, v0x5b2cb11d4990_0;
E_0x5b2cb11d2f60 .event anyedge, v0x5b2cb11d48b0_0;
E_0x5b2cb11d2ff0 .event anyedge, v0x5b2cb11d47d0_0;
E_0x5b2cb11d3050 .event posedge, v0x5b2cb11d0be0_0, v0x5b2cb11978e0_0;
L_0x5b2cb11dbfc0 .part v0x5b2cb11d4090_0, 15, 1;
L_0x5b2cb11dc060 .concat [ 1 1 0 0], L_0x5b2cb11dbfc0, L_0x5b2cb11dbfc0;
L_0x5b2cb11dc150 .concat [ 16 2 0 0], v0x5b2cb11d4090_0, L_0x5b2cb11dc060;
L_0x5b2cb11dc290 .part v0x5b2cb11d4170_0, 15, 1;
L_0x5b2cb11dc360 .concat [ 1 1 0 0], L_0x5b2cb11dc290, L_0x5b2cb11dc290;
L_0x5b2cb11dc450 .concat [ 16 2 0 0], v0x5b2cb11d4170_0, L_0x5b2cb11dc360;
L_0x5b2cb11dc5d0 .arith/sum 18, L_0x5b2cb11dc150, L_0x5b2cb11dc450;
L_0x5b2cb11dc710 .part v0x5b2cb11d4250_0, 15, 1;
L_0x5b2cb11dc800 .concat [ 1 1 0 0], L_0x5b2cb11dc710, L_0x5b2cb11dc710;
L_0x5b2cb11dc8f0 .concat [ 16 2 0 0], v0x5b2cb11d4250_0, L_0x5b2cb11dc800;
L_0x5b2cb11dca90 .arith/sum 18, L_0x5b2cb11dc5d0, L_0x5b2cb11dc8f0;
L_0x5b2cb11dcb80 .part v0x5b2cb11d46f0_0, 15, 1;
L_0x5b2cb11dcc90 .concat [ 1 1 0 0], L_0x5b2cb11dcb80, L_0x5b2cb11dcb80;
L_0x5b2cb11dcd80 .concat [ 16 2 0 0], v0x5b2cb11d46f0_0, L_0x5b2cb11dcc90;
L_0x5b2cb11dcf40 .arith/sum 18, L_0x5b2cb11dca90, L_0x5b2cb11dcd80;
L_0x5b2cb11dd080 .part v0x5b2cb11d4470_0, 15, 1;
L_0x5b2cb11dd1b0 .concat [ 1 1 0 0], L_0x5b2cb11dd080, L_0x5b2cb11dd080;
L_0x5b2cb11dd2a0 .concat [ 16 2 0 0], v0x5b2cb11d4470_0, L_0x5b2cb11dd1b0;
L_0x5b2cb11dd480 .arith/sum 18, L_0x5b2cb11dcf40, L_0x5b2cb11dd2a0;
L_0x5b2cb11dd5c0 .part v0x5b2cb11d4610_0, 6, 10;
S_0x5b2cb11d4d70 .scope module, "u_shift_high" "shift_register_phase_shifter" 4 61, 10 6 0, S_0x5b2cb11d02a0;
 .timescale -9 -9;
    .port_info 0 /INPUT 1 "clk";
    .port_info 1 /INPUT 1 "rst";
    .port_info 2 /INPUT 1 "en";
    .port_info 3 /INPUT 1 "pwm_in";
    .port_info 4 /OUTPUT 4 "pwm_ph";
P_0x5b2cb11d4f00 .param/l "NPHASES" 0 10 8, +C4<00000000000000000000000000000100>;
P_0x5b2cb11d4f40 .param/l "PERIOD" 0 10 7, +C4<00000000000000000000000010000000>;
P_0x5b2cb11d4f80 .param/l "PHASE_STEP" 1 10 19, +C4<00000000000000000000000000100000>;
v0x5b2cb11d6bb0_0 .net "clk", 0 0, v0x5b2cb11dadf0_0;  alias, 1 drivers
L_0x7c01192ce0a8 .functor BUFT 1, C4<1>, C4<0>, C4<0>, C4<0>;
v0x5b2cb11d6c70_0 .net "en", 0 0, L_0x7c01192ce0a8;  1 drivers
v0x5b2cb11d6d30_0 .net "pwm_in", 0 0, v0x5b2cb11d21d0_0;  alias, 1 drivers
v0x5b2cb11d6e30_0 .net "pwm_ph", 3 0, L_0x5b2cb11dd830;  alias, 1 drivers
v0x5b2cb11d6ed0_0 .net "rst", 0 0, v0x5b2cb11db660_0;  alias, 1 drivers
v0x5b2cb11d6fc0_0 .var "shreg", 127 0;
E_0x5b2cb11d5150 .event posedge, v0x5b2cb1196f70_0;
L_0x5b2cb11dd3e0 .part v0x5b2cb11d6fc0_0, 31, 1;
L_0x5b2cb11dd710 .part v0x5b2cb11d6fc0_0, 63, 1;
L_0x5b2cb11dd830 .concat8 [ 1 1 1 1], L_0x5b2cb11dcc20, L_0x5b2cb11dd3e0, L_0x5b2cb11dd710, L_0x5b2cb11dda10;
L_0x5b2cb11dda10 .part v0x5b2cb11d6fc0_0, 95, 1;
S_0x5b2cb11d51d0 .scope generate, "GEN_TAPS[0]" "GEN_TAPS[0]" 10 33, 10 33 0, S_0x5b2cb11d4d70;
 .timescale -9 -9;
P_0x5b2cb11b4470 .param/l "DLY" 1 10 34, +C4<00000000000000000000000000000000>;
P_0x5b2cb11b44b0 .param/l "k" 1 10 33, +C4<00>;
S_0x5b2cb11d5540 .scope generate, "TAP0" "TAP0" 10 36, 10 36 0, S_0x5b2cb11d51d0;
 .timescale -9 -9;
L_0x5b2cb11dcc20 .functor BUFZ 1, v0x5b2cb11d21d0_0, C4<0>, C4<0>, C4<0>;
v0x5b2cb11d5720_0 .net *"_ivl_1", 0 0, L_0x5b2cb11dcc20;  1 drivers
S_0x5b2cb11d5820 .scope generate, "GEN_TAPS[1]" "GEN_TAPS[1]" 10 33, 10 33 0, S_0x5b2cb11d4d70;
 .timescale -9 -9;
P_0x5b2cb11d53f0 .param/l "DLY" 1 10 34, +C4<00000000000000000000000000100000>;
P_0x5b2cb11d5430 .param/l "k" 1 10 33, +C4<01>;
S_0x5b2cb11d5bc0 .scope generate, "TAPD" "TAPD" 10 38, 10 38 0, S_0x5b2cb11d5820;
 .timescale -9 -9;
v0x5b2cb11d5da0_0 .net *"_ivl_0", 0 0, L_0x5b2cb11dd3e0;  1 drivers
S_0x5b2cb11d5ea0 .scope generate, "GEN_TAPS[2]" "GEN_TAPS[2]" 10 33, 10 33 0, S_0x5b2cb11d4d70;
 .timescale -9 -9;
P_0x5b2cb11d5a90 .param/l "DLY" 1 10 34, +C4<00000000000000000000000001000000>;
P_0x5b2cb11d5ad0 .param/l "k" 1 10 33, +C4<010>;
S_0x5b2cb11d6250 .scope generate, "TAPD" "TAPD" 10 38, 10 38 0, S_0x5b2cb11d5ea0;
 .timescale -9 -9;
v0x5b2cb11d6430_0 .net *"_ivl_0", 0 0, L_0x5b2cb11dd710;  1 drivers
S_0x5b2cb11d6530 .scope generate, "GEN_TAPS[3]" "GEN_TAPS[3]" 10 33, 10 33 0, S_0x5b2cb11d4d70;
 .timescale -9 -9;
P_0x5b2cb11d6120 .param/l "DLY" 1 10 34, +C4<00000000000000000000000001100000>;
P_0x5b2cb11d6160 .param/l "k" 1 10 33, +C4<011>;
S_0x5b2cb11d68d0 .scope generate, "TAPD" "TAPD" 10 38, 10 38 0, S_0x5b2cb11d6530;
 .timescale -9 -9;
v0x5b2cb11d6ab0_0 .net *"_ivl_0", 0 0, L_0x5b2cb11dda10;  1 drivers
S_0x5b2cb11d7140 .scope module, "u_shift_low" "shift_register_phase_shifter" 4 75, 10 6 0, S_0x5b2cb11d02a0;
 .timescale -9 -9;
    .port_info 0 /INPUT 1 "clk";
    .port_info 1 /INPUT 1 "rst";
    .port_info 2 /INPUT 1 "en";
    .port_info 3 /INPUT 1 "pwm_in";
    .port_info 4 /OUTPUT 4 "pwm_ph";
P_0x5b2cb11d7320 .param/l "NPHASES" 0 10 8, +C4<00000000000000000000000000000100>;
P_0x5b2cb11d7360 .param/l "PERIOD" 0 10 7, +C4<00000000000000000000000010000000>;
P_0x5b2cb11d73a0 .param/l "PHASE_STEP" 1 10 19, +C4<00000000000000000000000000100000>;
v0x5b2cb11d8fa0_0 .net "clk", 0 0, v0x5b2cb11dadf0_0;  alias, 1 drivers
L_0x7c01192ce0f0 .functor BUFT 1, C4<1>, C4<0>, C4<0>, C4<0>;
v0x5b2cb11d9060_0 .net "en", 0 0, L_0x7c01192ce0f0;  1 drivers
v0x5b2cb11d9120_0 .net "pwm_in", 0 0, v0x5b2cb11d2270_0;  alias, 1 drivers
v0x5b2cb11d9220_0 .net "pwm_ph", 3 0, L_0x5b2cb11ddd20;  alias, 1 drivers
v0x5b2cb11d92c0_0 .net "rst", 0 0, v0x5b2cb11db660_0;  alias, 1 drivers
v0x5b2cb11d9360_0 .var "shreg", 127 0;
L_0x5b2cb11ddb30 .part v0x5b2cb11d9360_0, 31, 1;
L_0x5b2cb11ddc00 .part v0x5b2cb11d9360_0, 63, 1;
L_0x5b2cb11ddd20 .concat8 [ 1 1 1 1], L_0x5b2cb11976b0, L_0x5b2cb11ddb30, L_0x5b2cb11ddc00, L_0x5b2cb11ddf00;
L_0x5b2cb11ddf00 .part v0x5b2cb11d9360_0, 95, 1;
S_0x5b2cb11d7570 .scope generate, "GEN_TAPS[0]" "GEN_TAPS[0]" 10 33, 10 33 0, S_0x5b2cb11d7140;
 .timescale -9 -9;
P_0x5b2cb11d6780 .param/l "DLY" 1 10 34, +C4<00000000000000000000000000000000>;
P_0x5b2cb11d67c0 .param/l "k" 1 10 33, +C4<00>;
S_0x5b2cb11d7930 .scope generate, "TAP0" "TAP0" 10 36, 10 36 0, S_0x5b2cb11d7570;
 .timescale -9 -9;
L_0x5b2cb11976b0 .functor BUFZ 1, v0x5b2cb11d2270_0, C4<0>, C4<0>, C4<0>;
v0x5b2cb11d7b10_0 .net *"_ivl_1", 0 0, L_0x5b2cb11976b0;  1 drivers
S_0x5b2cb11d7c10 .scope generate, "GEN_TAPS[1]" "GEN_TAPS[1]" 10 33, 10 33 0, S_0x5b2cb11d7140;
 .timescale -9 -9;
P_0x5b2cb11d77e0 .param/l "DLY" 1 10 34, +C4<00000000000000000000000000100000>;
P_0x5b2cb11d7820 .param/l "k" 1 10 33, +C4<01>;
S_0x5b2cb11d7fb0 .scope generate, "TAPD" "TAPD" 10 38, 10 38 0, S_0x5b2cb11d7c10;
 .timescale -9 -9;
v0x5b2cb11d8190_0 .net *"_ivl_0", 0 0, L_0x5b2cb11ddb30;  1 drivers
S_0x5b2cb11d8290 .scope generate, "GEN_TAPS[2]" "GEN_TAPS[2]" 10 33, 10 33 0, S_0x5b2cb11d7140;
 .timescale -9 -9;
P_0x5b2cb11d7e80 .param/l "DLY" 1 10 34, +C4<00000000000000000000000001000000>;
P_0x5b2cb11d7ec0 .param/l "k" 1 10 33, +C4<010>;
S_0x5b2cb11d8640 .scope generate, "TAPD" "TAPD" 10 38, 10 38 0, S_0x5b2cb11d8290;
 .timescale -9 -9;
v0x5b2cb11d8820_0 .net *"_ivl_0", 0 0, L_0x5b2cb11ddc00;  1 drivers
S_0x5b2cb11d8920 .scope generate, "GEN_TAPS[3]" "GEN_TAPS[3]" 10 33, 10 33 0, S_0x5b2cb11d7140;
 .timescale -9 -9;
P_0x5b2cb11d8510 .param/l "DLY" 1 10 34, +C4<00000000000000000000000001100000>;
P_0x5b2cb11d8550 .param/l "k" 1 10 33, +C4<011>;
S_0x5b2cb11d8cc0 .scope generate, "TAPD" "TAPD" 10 38, 10 38 0, S_0x5b2cb11d8920;
 .timescale -9 -9;
v0x5b2cb11d8ea0_0 .net *"_ivl_0", 0 0, L_0x5b2cb11ddf00;  1 drivers
S_0x5b2cb11da890 .scope autofunction.vec4.s8, "sample_gen" "sample_gen" 3 62, 3 62 0, S_0x5b2cb1169ec0;
 .timescale -9 -9;
v0x5b2cb11daa70_0 .var/i "base", 31 0;
v0x5b2cb11dab70_0 .var/i "k", 31 0;
v0x5b2cb11dac50_0 .var/i "noise", 31 0;
; Variable sample_gen is vec4 return value of scope S_0x5b2cb11da890
TD_tb_top.sample_gen ;
    %vpi_func 3 67 "$random" 32, v0x5b2cb11db7a0_0 {0 0 0};
    %pushi/vec4 5, 0, 32;
    %mod/s;
    %subi 2, 0, 32;
    %store/vec4 v0x5b2cb11dac50_0, 0, 32;
    %load/vec4 v0x5b2cb11dab70_0;
    %cmpi/s 200, 0, 32;
    %jmp/0xz  T_2.4, 5;
    %load/vec4 v0x5b2cb11dab70_0;
    %muli 192, 0, 32;
    %pushi/vec4 200, 0, 32;
    %div/s;
    %store/vec4 v0x5b2cb11daa70_0, 0, 32;
    %jmp T_2.5;
T_2.4 ;
    %pushi/vec4 192, 0, 32;
    %store/vec4 v0x5b2cb11daa70_0, 0, 32;
    %load/vec4 v0x5b2cb11dab70_0;
    %cmpi/e 260, 0, 32;
    %jmp/0xz  T_2.6, 4;
    %pushi/vec4 210, 0, 32;
    %store/vec4 v0x5b2cb11daa70_0, 0, 32;
T_2.6 ;
    %load/vec4 v0x5b2cb11dab70_0;
    %cmpi/e 261, 0, 32;
    %jmp/0xz  T_2.8, 4;
    %pushi/vec4 185, 0, 32;
    %store/vec4 v0x5b2cb11daa70_0, 0, 32;
T_2.8 ;
    %load/vec4 v0x5b2cb11dab70_0;
    %cmpi/e 262, 0, 32;
    %jmp/0xz  T_2.10, 4;
    %pushi/vec4 195, 0, 32;
    %store/vec4 v0x5b2cb11daa70_0, 0, 32;
T_2.10 ;
    %load/vec4 v0x5b2cb11dab70_0;
    %cmpi/e 520, 0, 32;
    %jmp/0xz  T_2.12, 4;
    %pushi/vec4 175, 0, 32;
    %store/vec4 v0x5b2cb11daa70_0, 0, 32;
T_2.12 ;
    %load/vec4 v0x5b2cb11dab70_0;
    %cmpi/e 521, 0, 32;
    %jmp/0xz  T_2.14, 4;
    %pushi/vec4 205, 0, 32;
    %store/vec4 v0x5b2cb11daa70_0, 0, 32;
T_2.14 ;
    %load/vec4 v0x5b2cb11dab70_0;
    %cmpi/e 522, 0, 32;
    %jmp/0xz  T_2.16, 4;
    %pushi/vec4 192, 0, 32;
    %store/vec4 v0x5b2cb11daa70_0, 0, 32;
T_2.16 ;
    %load/vec4 v0x5b2cb11dab70_0;
    %cmpi/e 780, 0, 32;
    %jmp/0xz  T_2.18, 4;
    %pushi/vec4 215, 0, 32;
    %store/vec4 v0x5b2cb11daa70_0, 0, 32;
T_2.18 ;
    %load/vec4 v0x5b2cb11dab70_0;
    %cmpi/e 781, 0, 32;
    %jmp/0xz  T_2.20, 4;
    %pushi/vec4 182, 0, 32;
    %store/vec4 v0x5b2cb11daa70_0, 0, 32;
T_2.20 ;
    %load/vec4 v0x5b2cb11dab70_0;
    %cmpi/e 782, 0, 32;
    %jmp/0xz  T_2.22, 4;
    %pushi/vec4 196, 0, 32;
    %store/vec4 v0x5b2cb11daa70_0, 0, 32;
T_2.22 ;
    %load/vec4 v0x5b2cb11dab70_0;
    %cmpi/e 1020, 0, 32;
    %jmp/0xz  T_2.24, 4;
    %pushi/vec4 178, 0, 32;
    %store/vec4 v0x5b2cb11daa70_0, 0, 32;
T_2.24 ;
    %load/vec4 v0x5b2cb11dab70_0;
    %cmpi/e 1021, 0, 32;
    %jmp/0xz  T_2.26, 4;
    %pushi/vec4 198, 0, 32;
    %store/vec4 v0x5b2cb11daa70_0, 0, 32;
T_2.26 ;
    %load/vec4 v0x5b2cb11dab70_0;
    %cmpi/e 1022, 0, 32;
    %jmp/0xz  T_2.28, 4;
    %pushi/vec4 190, 0, 32;
    %store/vec4 v0x5b2cb11daa70_0, 0, 32;
T_2.28 ;
T_2.5 ;
    %alloc S_0x5b2cb1171840;
    %load/vec4 v0x5b2cb11daa70_0;
    %load/vec4 v0x5b2cb11dac50_0;
    %add;
    %store/vec4 v0x5b2cb11a0210_0, 0, 32;
    %callf/vec4 TD_tb_top.clamp_u8, S_0x5b2cb1171840;
    %free S_0x5b2cb1171840;
    %ret/vec4 0, 0, 8;  Assign to sample_gen (store_vec4_to_lval)
    %end;
    .scope S_0x5b2cb11d2550;
T_3 ;
    %wait E_0x5b2cb1164160;
    %load/vec4 v0x5b2cb11d29e0_0;
    %flag_set/vec4 8;
    %jmp/0xz  T_3.0, 8;
    %pushi/vec4 0, 0, 4;
    %assign/vec4 v0x5b2cb11d2920_0, 0;
    %jmp T_3.1;
T_3.0 ;
    %pushi/vec4 1, 0, 1;
    %dup/vec4;
    %load/vec4 v0x5b2cb11d2840_0;
    %cmpi/u 176, 0, 8;
    %flag_get/vec4 4;
    %flag_get/vec4 5;
    %or;
    %cmp/u;
    %jmp/1 T_3.2, 6;
    %dup/vec4;
    %load/vec4 v0x5b2cb11d2840_0;
    %cmpi/u 180, 0, 8;
    %flag_get/vec4 4;
    %flag_get/vec4 5;
    %or;
    %cmp/u;
    %jmp/1 T_3.3, 6;
    %dup/vec4;
    %load/vec4 v0x5b2cb11d2840_0;
    %cmpi/u 184, 0, 8;
    %flag_get/vec4 4;
    %flag_get/vec4 5;
    %or;
    %cmp/u;
    %jmp/1 T_3.4, 6;
    %dup/vec4;
    %load/vec4 v0x5b2cb11d2840_0;
    %cmpi/u 188, 0, 8;
    %flag_get/vec4 4;
    %flag_get/vec4 5;
    %or;
    %cmp/u;
    %jmp/1 T_3.5, 6;
    %dup/vec4;
    %load/vec4 v0x5b2cb11d2840_0;
    %cmpi/u 192, 0, 8;
    %flag_get/vec4 4;
    %flag_get/vec4 5;
    %or;
    %cmp/u;
    %jmp/1 T_3.6, 6;
    %dup/vec4;
    %load/vec4 v0x5b2cb11d2840_0;
    %cmpi/u 196, 0, 8;
    %flag_get/vec4 4;
    %flag_get/vec4 5;
    %or;
    %cmp/u;
    %jmp/1 T_3.7, 6;
    %dup/vec4;
    %load/vec4 v0x5b2cb11d2840_0;
    %cmpi/u 200, 0, 8;
    %flag_get/vec4 4;
    %flag_get/vec4 5;
    %or;
    %cmp/u;
    %jmp/1 T_3.8, 6;
    %dup/vec4;
    %load/vec4 v0x5b2cb11d2840_0;
    %cmpi/u 204, 0, 8;
    %flag_get/vec4 4;
    %flag_get/vec4 5;
    %or;
    %cmp/u;
    %jmp/1 T_3.9, 6;
    %pushi/vec4 12, 0, 4;
    %assign/vec4 v0x5b2cb11d2920_0, 0;
    %jmp T_3.11;
T_3.2 ;
    %pushi/vec4 4, 0, 4;
    %assign/vec4 v0x5b2cb11d2920_0, 0;
    %jmp T_3.11;
T_3.3 ;
    %pushi/vec4 3, 0, 4;
    %assign/vec4 v0x5b2cb11d2920_0, 0;
    %jmp T_3.11;
T_3.4 ;
    %pushi/vec4 2, 0, 4;
    %assign/vec4 v0x5b2cb11d2920_0, 0;
    %jmp T_3.11;
T_3.5 ;
    %pushi/vec4 1, 0, 4;
    %assign/vec4 v0x5b2cb11d2920_0, 0;
    %jmp T_3.11;
T_3.6 ;
    %pushi/vec4 0, 0, 4;
    %assign/vec4 v0x5b2cb11d2920_0, 0;
    %jmp T_3.11;
T_3.7 ;
    %pushi/vec4 15, 0, 4;
    %assign/vec4 v0x5b2cb11d2920_0, 0;
    %jmp T_3.11;
T_3.8 ;
    %pushi/vec4 14, 0, 4;
    %assign/vec4 v0x5b2cb11d2920_0, 0;
    %jmp T_3.11;
T_3.9 ;
    %pushi/vec4 13, 0, 4;
    %assign/vec4 v0x5b2cb11d2920_0, 0;
    %jmp T_3.11;
T_3.11 ;
    %pop/vec4 1;
T_3.1 ;
    %jmp T_3;
    .thread T_3;
    .scope S_0x5b2cb11d05b0;
T_4 ;
    %wait E_0x5b2cb1164160;
    %load/vec4 v0x5b2cb11d0be0_0;
    %flag_set/vec4 8;
    %jmp/0xz  T_4.0, 8;
    %pushi/vec4 0, 0, 1;
    %assign/vec4 v0x5b2cb11d0910_0, 0;
    %jmp T_4.1;
T_4.0 ;
    %load/vec4 v0x5b2cb11d0b00_0;
    %cmpi/e 4, 0, 4;
    %jmp/0xz  T_4.2, 4;
    %pushi/vec4 0, 0, 1;
    %assign/vec4 v0x5b2cb11d0910_0, 0;
    %jmp T_4.3;
T_4.2 ;
    %pushi/vec4 1, 0, 1;
    %assign/vec4 v0x5b2cb11d0910_0, 0;
T_4.3 ;
T_4.1 ;
    %jmp T_4;
    .thread T_4;
    .scope S_0x5b2cb11d05b0;
T_5 ;
    %wait E_0x5b2cb1164160;
    %load/vec4 v0x5b2cb11d0be0_0;
    %flag_set/vec4 8;
    %jmp/0xz  T_5.0, 8;
    %pushi/vec4 0, 0, 1;
    %assign/vec4 v0x5b2cb11978e0_0, 0;
    %jmp T_5.1;
T_5.0 ;
    %load/vec4 v0x5b2cb11d0b00_0;
    %cmpi/e 15, 0, 4;
    %jmp/0xz  T_5.2, 4;
    %pushi/vec4 1, 0, 1;
    %assign/vec4 v0x5b2cb11978e0_0, 0;
    %jmp T_5.3;
T_5.2 ;
    %pushi/vec4 0, 0, 1;
    %assign/vec4 v0x5b2cb11978e0_0, 0;
T_5.3 ;
T_5.1 ;
    %jmp T_5;
    .thread T_5;
    .scope S_0x5b2cb11d05b0;
T_6 ;
    %wait E_0x5b2cb1164160;
    %load/vec4 v0x5b2cb11d0be0_0;
    %flag_set/vec4 8;
    %jmp/0xz  T_6.0, 8;
    %pushi/vec4 0, 0, 6;
    %store/vec4 v0x5b2cb1197810_0, 0, 6;
    %pushi/vec4 0, 0, 1;
    %store/vec4 v0x5b2cb11d0850_0, 0, 1;
    %jmp T_6.1;
T_6.0 ;
    %load/vec4 v0x5b2cb1197810_0;
    %cmpi/e 31, 0, 6;
    %jmp/0xz  T_6.2, 4;
    %load/vec4 v0x5b2cb11d0850_0;
    %inv;
    %store/vec4 v0x5b2cb11d0850_0, 0, 1;
    %pushi/vec4 0, 0, 6;
    %store/vec4 v0x5b2cb1197810_0, 0, 6;
    %jmp T_6.3;
T_6.2 ;
    %load/vec4 v0x5b2cb1197810_0;
    %addi 1, 0, 6;
    %store/vec4 v0x5b2cb1197810_0, 0, 6;
T_6.3 ;
T_6.1 ;
    %jmp T_6;
    .thread T_6;
    .scope S_0x5b2cb11d0d60;
T_7 ;
    %pushi/vec4 0, 0, 8;
    %ix/load 4, 0, 0;
    %flag_set/imm 4, 0;
    %store/vec4a v0x5b2cb11d1930, 4, 0;
    %pushi/vec4 1, 0, 8;
    %ix/load 4, 1, 0;
    %flag_set/imm 4, 0;
    %store/vec4a v0x5b2cb11d1930, 4, 0;
    %pushi/vec4 17, 0, 8;
    %ix/load 4, 2, 0;
    %flag_set/imm 4, 0;
    %store/vec4a v0x5b2cb11d1930, 4, 0;
    %pushi/vec4 37, 0, 8;
    %ix/load 4, 3, 0;
    %flag_set/imm 4, 0;
    %store/vec4a v0x5b2cb11d1930, 4, 0;
    %pushi/vec4 85, 0, 8;
    %ix/load 4, 4, 0;
    %flag_set/imm 4, 0;
    %store/vec4a v0x5b2cb11d1930, 4, 0;
    %pushi/vec4 91, 0, 8;
    %ix/load 4, 5, 0;
    %flag_set/imm 4, 0;
    %store/vec4a v0x5b2cb11d1930, 4, 0;
    %pushi/vec4 119, 0, 8;
    %ix/load 4, 6, 0;
    %flag_set/imm 4, 0;
    %store/vec4a v0x5b2cb11d1930, 4, 0;
    %pushi/vec4 127, 0, 8;
    %ix/load 4, 7, 0;
    %flag_set/imm 4, 0;
    %store/vec4a v0x5b2cb11d1930, 4, 0;
    %end;
    .thread T_7;
    .scope S_0x5b2cb11d0d60;
T_8 ;
    %wait E_0x5b2cb11369c0;
    %load/vec4 v0x5b2cb11d1b90_0;
    %flag_set/vec4 8;
    %jmp/0xz  T_8.0, 8;
    %pushi/vec4 0, 0, 3;
    %assign/vec4 v0x5b2cb11d16b0_0, 0;
    %jmp T_8.1;
T_8.0 ;
    %load/vec4 v0x5b2cb11d16b0_0;
    %cmpi/e 7, 0, 3;
    %jmp/0xz  T_8.2, 4;
    %pushi/vec4 0, 0, 3;
    %assign/vec4 v0x5b2cb11d16b0_0, 0;
    %jmp T_8.3;
T_8.2 ;
    %load/vec4 v0x5b2cb11d16b0_0;
    %addi 1, 0, 3;
    %assign/vec4 v0x5b2cb11d16b0_0, 0;
T_8.3 ;
T_8.1 ;
    %jmp T_8;
    .thread T_8;
    .scope S_0x5b2cb11d0d60;
T_9 ;
    %wait E_0x5b2cb1164cf0;
    %load/vec4 v0x5b2cb11d16b0_0;
    %dup/vec4;
    %pushi/vec4 0, 0, 3;
    %cmp/u;
    %jmp/1 T_9.0, 6;
    %dup/vec4;
    %pushi/vec4 1, 0, 3;
    %cmp/u;
    %jmp/1 T_9.1, 6;
    %dup/vec4;
    %pushi/vec4 2, 0, 3;
    %cmp/u;
    %jmp/1 T_9.2, 6;
    %dup/vec4;
    %pushi/vec4 3, 0, 3;
    %cmp/u;
    %jmp/1 T_9.3, 6;
    %dup/vec4;
    %pushi/vec4 4, 0, 3;
    %cmp/u;
    %jmp/1 T_9.4, 6;
    %dup/vec4;
    %pushi/vec4 5, 0, 3;
    %cmp/u;
    %jmp/1 T_9.5, 6;
    %dup/vec4;
    %pushi/vec4 6, 0, 3;
    %cmp/u;
    %jmp/1 T_9.6, 6;
    %dup/vec4;
    %pushi/vec4 7, 0, 3;
    %cmp/u;
    %jmp/1 T_9.7, 6;
    %pushi/vec4 0, 0, 1;
    %store/vec4 v0x5b2cb11d19f0_0, 0, 1;
    %jmp T_9.9;
T_9.0 ;
    %load/vec4 v0x5b2cb11d1ab0_0;
    %parti/s 1, 7, 4;
    %store/vec4 v0x5b2cb11d19f0_0, 0, 1;
    %jmp T_9.9;
T_9.1 ;
    %load/vec4 v0x5b2cb11d1ab0_0;
    %parti/s 1, 6, 4;
    %store/vec4 v0x5b2cb11d19f0_0, 0, 1;
    %jmp T_9.9;
T_9.2 ;
    %load/vec4 v0x5b2cb11d1ab0_0;
    %parti/s 1, 5, 4;
    %store/vec4 v0x5b2cb11d19f0_0, 0, 1;
    %jmp T_9.9;
T_9.3 ;
    %load/vec4 v0x5b2cb11d1ab0_0;
    %parti/s 1, 4, 4;
    %store/vec4 v0x5b2cb11d19f0_0, 0, 1;
    %jmp T_9.9;
T_9.4 ;
    %load/vec4 v0x5b2cb11d1ab0_0;
    %parti/s 1, 3, 3;
    %store/vec4 v0x5b2cb11d19f0_0, 0, 1;
    %jmp T_9.9;
T_9.5 ;
    %load/vec4 v0x5b2cb11d1ab0_0;
    %parti/s 1, 2, 3;
    %store/vec4 v0x5b2cb11d19f0_0, 0, 1;
    %jmp T_9.9;
T_9.6 ;
    %load/vec4 v0x5b2cb11d1ab0_0;
    %parti/s 1, 1, 2;
    %store/vec4 v0x5b2cb11d19f0_0, 0, 1;
    %jmp T_9.9;
T_9.7 ;
    %load/vec4 v0x5b2cb11d1ab0_0;
    %parti/s 1, 0, 2;
    %store/vec4 v0x5b2cb11d19f0_0, 0, 1;
    %jmp T_9.9;
T_9.9 ;
    %pop/vec4 1;
    %jmp T_9;
    .thread T_9, $push;
    .scope S_0x5b2cb11d1cc0;
T_10 ;
    %wait E_0x5b2cb1164160;
    %load/vec4 v0x5b2cb11d2360_0;
    %flag_set/vec4 8;
    %jmp/0xz  T_10.0, 8;
    %pushi/vec4 0, 0, 7;
    %assign/vec4 v0x5b2cb11d2000_0, 0;
    %jmp T_10.1;
T_10.0 ;
    %load/vec4 v0x5b2cb11d2000_0;
    %cmpi/e 63, 0, 7;
    %jmp/0xz  T_10.2, 4;
    %pushi/vec4 0, 0, 7;
    %assign/vec4 v0x5b2cb11d2000_0, 0;
    %jmp T_10.3;
T_10.2 ;
    %load/vec4 v0x5b2cb11d2000_0;
    %addi 1, 0, 7;
    %assign/vec4 v0x5b2cb11d2000_0, 0;
T_10.3 ;
T_10.1 ;
    %jmp T_10;
    .thread T_10;
    .scope S_0x5b2cb11d1cc0;
T_11 ;
    %wait E_0x5b2cb1164160;
    %load/vec4 v0x5b2cb11d2360_0;
    %flag_set/vec4 8;
    %jmp/0xz  T_11.0, 8;
    %pushi/vec4 0, 0, 1;
    %assign/vec4 v0x5b2cb11d21d0_0, 0;
    %jmp T_11.1;
T_11.0 ;
    %load/vec4 v0x5b2cb11d2000_0;
    %pad/u 32;
    %cmpi/e 0, 0, 32;
    %jmp/0xz  T_11.2, 4;
    %pushi/vec4 1, 0, 1;
    %assign/vec4 v0x5b2cb11d21d0_0, 0;
T_11.2 ;
    %load/vec4 v0x5b2cb11d20d0_0;
    %load/vec4 v0x5b2cb11d2000_0;
    %cmp/u;
    %flag_or 5, 4;
    %jmp/0xz  T_11.4, 5;
    %pushi/vec4 0, 0, 1;
    %assign/vec4 v0x5b2cb11d21d0_0, 0;
T_11.4 ;
T_11.1 ;
    %jmp T_11;
    .thread T_11;
    .scope S_0x5b2cb11d1cc0;
T_12 ;
    %wait E_0x5b2cb1164160;
    %load/vec4 v0x5b2cb11d2360_0;
    %flag_set/vec4 8;
    %jmp/0xz  T_12.0, 8;
    %pushi/vec4 0, 0, 1;
    %assign/vec4 v0x5b2cb11d2270_0, 0;
    %jmp T_12.1;
T_12.0 ;
    %load/vec4 v0x5b2cb11d2000_0;
    %pad/u 32;
    %cmpi/e 0, 0, 32;
    %jmp/0xz  T_12.2, 4;
    %pushi/vec4 0, 0, 1;
    %assign/vec4 v0x5b2cb11d2270_0, 0;
T_12.2 ;
    %load/vec4 v0x5b2cb11d2000_0;
    %cmpi/u 112, 0, 7;
    %flag_inv 5; GE is !LT
    %jmp/0xz  T_12.4, 5;
    %pushi/vec4 0, 0, 1;
    %assign/vec4 v0x5b2cb11d2270_0, 0;
T_12.4 ;
    %load/vec4 v0x5b2cb11d20d0_0;
    %addi 10, 0, 7;
    %load/vec4 v0x5b2cb11d2000_0;
    %cmp/u;
    %flag_or 5, 4;
    %jmp/0xz  T_12.6, 5;
    %pushi/vec4 1, 0, 1;
    %assign/vec4 v0x5b2cb11d2270_0, 0;
T_12.6 ;
T_12.1 ;
    %jmp T_12;
    .thread T_12;
    .scope S_0x5b2cb11d2b00;
T_13 ;
    %wait E_0x5b2cb11d3050;
    %load/vec4 v0x5b2cb11d4c40_0;
    %flag_set/vec4 8;
    %jmp/0xz  T_13.0, 8;
    %pushi/vec4 0, 0, 4;
    %assign/vec4 v0x5b2cb11d47d0_0, 0;
    %pushi/vec4 0, 0, 4;
    %assign/vec4 v0x5b2cb11d48b0_0, 0;
    %pushi/vec4 0, 0, 4;
    %assign/vec4 v0x5b2cb11d4990_0, 0;
    %pushi/vec4 0, 0, 4;
    %assign/vec4 v0x5b2cb11d4a70_0, 0;
    %pushi/vec4 0, 0, 16;
    %assign/vec4 v0x5b2cb11d4470_0, 0;
    %jmp T_13.1;
T_13.0 ;
    %load/vec4 v0x5b2cb11d4b50_0;
    %assign/vec4 v0x5b2cb11d47d0_0, 0;
    %load/vec4 v0x5b2cb11d47d0_0;
    %assign/vec4 v0x5b2cb11d48b0_0, 0;
    %load/vec4 v0x5b2cb11d48b0_0;
    %assign/vec4 v0x5b2cb11d4990_0, 0;
    %load/vec4 v0x5b2cb11d4990_0;
    %assign/vec4 v0x5b2cb11d4a70_0, 0;
    %load/vec4 v0x5b2cb11d4610_0;
    %assign/vec4 v0x5b2cb11d4470_0, 0;
T_13.1 ;
    %jmp T_13;
    .thread T_13;
    .scope S_0x5b2cb11d2b00;
T_14 ;
    %wait E_0x5b2cb11d2ff0;
    %load/vec4 v0x5b2cb11d47d0_0;
    %dup/vec4;
    %pushi/vec4 12, 0, 4;
    %cmp/u;
    %jmp/1 T_14.0, 6;
    %dup/vec4;
    %pushi/vec4 13, 0, 4;
    %cmp/u;
    %jmp/1 T_14.1, 6;
    %dup/vec4;
    %pushi/vec4 14, 0, 4;
    %cmp/u;
    %jmp/1 T_14.2, 6;
    %dup/vec4;
    %pushi/vec4 15, 0, 4;
    %cmp/u;
    %jmp/1 T_14.3, 6;
    %dup/vec4;
    %pushi/vec4 0, 0, 4;
    %cmp/u;
    %jmp/1 T_14.4, 6;
    %dup/vec4;
    %pushi/vec4 1, 0, 4;
    %cmp/u;
    %jmp/1 T_14.5, 6;
    %dup/vec4;
    %pushi/vec4 2, 0, 4;
    %cmp/u;
    %jmp/1 T_14.6, 6;
    %dup/vec4;
    %pushi/vec4 3, 0, 4;
    %cmp/u;
    %jmp/1 T_14.7, 6;
    %dup/vec4;
    %pushi/vec4 4, 0, 4;
    %cmp/u;
    %jmp/1 T_14.8, 6;
    %pushi/vec4 0, 0, 16;
    %store/vec4 v0x5b2cb11d4090_0, 0, 16;
    %jmp T_14.10;
T_14.0 ;
    %pushi/vec4 59392, 0, 16;
    %store/vec4 v0x5b2cb11d4090_0, 0, 16;
    %jmp T_14.10;
T_14.1 ;
    %pushi/vec4 60928, 0, 16;
    %store/vec4 v0x5b2cb11d4090_0, 0, 16;
    %jmp T_14.10;
T_14.2 ;
    %pushi/vec4 62464, 0, 16;
    %store/vec4 v0x5b2cb11d4090_0, 0, 16;
    %jmp T_14.10;
T_14.3 ;
    %pushi/vec4 64000, 0, 16;
    %store/vec4 v0x5b2cb11d4090_0, 0, 16;
    %jmp T_14.10;
T_14.4 ;
    %pushi/vec4 0, 0, 16;
    %store/vec4 v0x5b2cb11d4090_0, 0, 16;
    %jmp T_14.10;
T_14.5 ;
    %pushi/vec4 1536, 0, 16;
    %store/vec4 v0x5b2cb11d4090_0, 0, 16;
    %jmp T_14.10;
T_14.6 ;
    %pushi/vec4 3072, 0, 16;
    %store/vec4 v0x5b2cb11d4090_0, 0, 16;
    %jmp T_14.10;
T_14.7 ;
    %pushi/vec4 4608, 0, 16;
    %store/vec4 v0x5b2cb11d4090_0, 0, 16;
    %jmp T_14.10;
T_14.8 ;
    %pushi/vec4 6144, 0, 16;
    %store/vec4 v0x5b2cb11d4090_0, 0, 16;
    %jmp T_14.10;
T_14.10 ;
    %pop/vec4 1;
    %jmp T_14;
    .thread T_14, $push;
    .scope S_0x5b2cb11d2b00;
T_15 ;
    %wait E_0x5b2cb11d2f60;
    %load/vec4 v0x5b2cb11d48b0_0;
    %dup/vec4;
    %pushi/vec4 12, 0, 4;
    %cmp/u;
    %jmp/1 T_15.0, 6;
    %dup/vec4;
    %pushi/vec4 13, 0, 4;
    %cmp/u;
    %jmp/1 T_15.1, 6;
    %dup/vec4;
    %pushi/vec4 14, 0, 4;
    %cmp/u;
    %jmp/1 T_15.2, 6;
    %dup/vec4;
    %pushi/vec4 15, 0, 4;
    %cmp/u;
    %jmp/1 T_15.3, 6;
    %dup/vec4;
    %pushi/vec4 0, 0, 4;
    %cmp/u;
    %jmp/1 T_15.4, 6;
    %dup/vec4;
    %pushi/vec4 1, 0, 4;
    %cmp/u;
    %jmp/1 T_15.5, 6;
    %dup/vec4;
    %pushi/vec4 2, 0, 4;
    %cmp/u;
    %jmp/1 T_15.6, 6;
    %dup/vec4;
    %pushi/vec4 3, 0, 4;
    %cmp/u;
    %jmp/1 T_15.7, 6;
    %dup/vec4;
    %pushi/vec4 4, 0, 4;
    %cmp/u;
    %jmp/1 T_15.8, 6;
    %pushi/vec4 0, 0, 16;
    %store/vec4 v0x5b2cb11d4170_0, 0, 16;
    %jmp T_15.10;
T_15.0 ;
    %pushi/vec4 5108, 0, 16;
    %store/vec4 v0x5b2cb11d4170_0, 0, 16;
    %jmp T_15.10;
T_15.1 ;
    %pushi/vec4 3831, 0, 16;
    %store/vec4 v0x5b2cb11d4170_0, 0, 16;
    %jmp T_15.10;
T_15.2 ;
    %pushi/vec4 2554, 0, 16;
    %store/vec4 v0x5b2cb11d4170_0, 0, 16;
    %jmp T_15.10;
T_15.3 ;
    %pushi/vec4 1277, 0, 16;
    %store/vec4 v0x5b2cb11d4170_0, 0, 16;
    %jmp T_15.10;
T_15.4 ;
    %pushi/vec4 0, 0, 16;
    %store/vec4 v0x5b2cb11d4170_0, 0, 16;
    %jmp T_15.10;
T_15.5 ;
    %pushi/vec4 64259, 0, 16;
    %store/vec4 v0x5b2cb11d4170_0, 0, 16;
    %jmp T_15.10;
T_15.6 ;
    %pushi/vec4 62982, 0, 16;
    %store/vec4 v0x5b2cb11d4170_0, 0, 16;
    %jmp T_15.10;
T_15.7 ;
    %pushi/vec4 61705, 0, 16;
    %store/vec4 v0x5b2cb11d4170_0, 0, 16;
    %jmp T_15.10;
T_15.8 ;
    %pushi/vec4 60428, 0, 16;
    %store/vec4 v0x5b2cb11d4170_0, 0, 16;
    %jmp T_15.10;
T_15.10 ;
    %pop/vec4 1;
    %jmp T_15;
    .thread T_15, $push;
    .scope S_0x5b2cb11d2b00;
T_16 ;
    %wait E_0x5b2cb11d2f00;
    %load/vec4 v0x5b2cb11d4990_0;
    %dup/vec4;
    %pushi/vec4 12, 0, 4;
    %cmp/u;
    %jmp/1 T_16.0, 6;
    %dup/vec4;
    %pushi/vec4 13, 0, 4;
    %cmp/u;
    %jmp/1 T_16.1, 6;
    %dup/vec4;
    %pushi/vec4 14, 0, 4;
    %cmp/u;
    %jmp/1 T_16.2, 6;
    %dup/vec4;
    %pushi/vec4 15, 0, 4;
    %cmp/u;
    %jmp/1 T_16.3, 6;
    %dup/vec4;
    %pushi/vec4 0, 0, 4;
    %cmp/u;
    %jmp/1 T_16.4, 6;
    %dup/vec4;
    %pushi/vec4 1, 0, 4;
    %cmp/u;
    %jmp/1 T_16.5, 6;
    %dup/vec4;
    %pushi/vec4 2, 0, 4;
    %cmp/u;
    %jmp/1 T_16.6, 6;
    %dup/vec4;
    %pushi/vec4 3, 0, 4;
    %cmp/u;
    %jmp/1 T_16.7, 6;
    %dup/vec4;
    %pushi/vec4 4, 0, 4;
    %cmp/u;
    %jmp/1 T_16.8, 6;
    %pushi/vec4 0, 0, 16;
    %store/vec4 v0x5b2cb11d4250_0, 0, 16;
    %jmp T_16.10;
T_16.0 ;
    %pushi/vec4 6140, 0, 16;
    %store/vec4 v0x5b2cb11d4250_0, 0, 16;
    %jmp T_16.10;
T_16.1 ;
    %pushi/vec4 4605, 0, 16;
    %store/vec4 v0x5b2cb11d4250_0, 0, 16;
    %jmp T_16.10;
T_16.2 ;
    %pushi/vec4 3070, 0, 16;
    %store/vec4 v0x5b2cb11d4250_0, 0, 16;
    %jmp T_16.10;
T_16.3 ;
    %pushi/vec4 1535, 0, 16;
    %store/vec4 v0x5b2cb11d4250_0, 0, 16;
    %jmp T_16.10;
T_16.4 ;
    %pushi/vec4 0, 0, 16;
    %store/vec4 v0x5b2cb11d4250_0, 0, 16;
    %jmp T_16.10;
T_16.5 ;
    %pushi/vec4 64001, 0, 16;
    %store/vec4 v0x5b2cb11d4250_0, 0, 16;
    %jmp T_16.10;
T_16.6 ;
    %pushi/vec4 62466, 0, 16;
    %store/vec4 v0x5b2cb11d4250_0, 0, 16;
    %jmp T_16.10;
T_16.7 ;
    %pushi/vec4 60931, 0, 16;
    %store/vec4 v0x5b2cb11d4250_0, 0, 16;
    %jmp T_16.10;
T_16.8 ;
    %pushi/vec4 59396, 0, 16;
    %store/vec4 v0x5b2cb11d4250_0, 0, 16;
    %jmp T_16.10;
T_16.10 ;
    %pop/vec4 1;
    %jmp T_16;
    .thread T_16, $push;
    .scope S_0x5b2cb11d2b00;
T_17 ;
    %wait E_0x5b2cb11d2ea0;
    %load/vec4 v0x5b2cb11d4a70_0;
    %dup/vec4;
    %pushi/vec4 12, 0, 4;
    %cmp/u;
    %jmp/1 T_17.0, 6;
    %dup/vec4;
    %pushi/vec4 13, 0, 4;
    %cmp/u;
    %jmp/1 T_17.1, 6;
    %dup/vec4;
    %pushi/vec4 14, 0, 4;
    %cmp/u;
    %jmp/1 T_17.2, 6;
    %dup/vec4;
    %pushi/vec4 15, 0, 4;
    %cmp/u;
    %jmp/1 T_17.3, 6;
    %dup/vec4;
    %pushi/vec4 0, 0, 4;
    %cmp/u;
    %jmp/1 T_17.4, 6;
    %dup/vec4;
    %pushi/vec4 1, 0, 4;
    %cmp/u;
    %jmp/1 T_17.5, 6;
    %dup/vec4;
    %pushi/vec4 2, 0, 4;
    %cmp/u;
    %jmp/1 T_17.6, 6;
    %dup/vec4;
    %pushi/vec4 3, 0, 4;
    %cmp/u;
    %jmp/1 T_17.7, 6;
    %dup/vec4;
    %pushi/vec4 4, 0, 4;
    %cmp/u;
    %jmp/1 T_17.8, 6;
    %pushi/vec4 0, 0, 16;
    %store/vec4 v0x5b2cb11d46f0_0, 0, 16;
    %jmp T_17.10;
T_17.0 ;
    %pushi/vec4 60424, 0, 16;
    %store/vec4 v0x5b2cb11d46f0_0, 0, 16;
    %jmp T_17.10;
T_17.1 ;
    %pushi/vec4 61702, 0, 16;
    %store/vec4 v0x5b2cb11d46f0_0, 0, 16;
    %jmp T_17.10;
T_17.2 ;
    %pushi/vec4 62980, 0, 16;
    %store/vec4 v0x5b2cb11d46f0_0, 0, 16;
    %jmp T_17.10;
T_17.3 ;
    %pushi/vec4 64258, 0, 16;
    %store/vec4 v0x5b2cb11d46f0_0, 0, 16;
    %jmp T_17.10;
T_17.4 ;
    %pushi/vec4 0, 0, 16;
    %store/vec4 v0x5b2cb11d46f0_0, 0, 16;
    %jmp T_17.10;
T_17.5 ;
    %pushi/vec4 1278, 0, 16;
    %store/vec4 v0x5b2cb11d46f0_0, 0, 16;
    %jmp T_17.10;
T_17.6 ;
    %pushi/vec4 2556, 0, 16;
    %store/vec4 v0x5b2cb11d46f0_0, 0, 16;
    %jmp T_17.10;
T_17.7 ;
    %pushi/vec4 3834, 0, 16;
    %store/vec4 v0x5b2cb11d46f0_0, 0, 16;
    %jmp T_17.10;
T_17.8 ;
    %pushi/vec4 5112, 0, 16;
    %store/vec4 v0x5b2cb11d46f0_0, 0, 16;
    %jmp T_17.10;
T_17.10 ;
    %pop/vec4 1;
    %jmp T_17;
    .thread T_17, $push;
    .scope S_0x5b2cb11d2b00;
T_18 ;
    %wait E_0x5b2cb11d1e50;
    %load/vec4 v0x5b2cb11d4530_0;
    %pad/s 32;
    %cmpi/s 0, 0, 32;
    %jmp/0xz  T_18.0, 5;
    %pushi/vec4 0, 0, 16;
    %store/vec4 v0x5b2cb11d4610_0, 0, 16;
    %jmp T_18.1;
T_18.0 ;
    %load/vec4 v0x5b2cb11d4530_0;
    %cmpi/s 30925, 0, 18;
    %flag_or 5, 4; GT is !LE
    %flag_inv 5;
    %jmp/0xz  T_18.2, 5;
    %pushi/vec4 30925, 0, 16;
    %store/vec4 v0x5b2cb11d4610_0, 0, 16;
    %jmp T_18.3;
T_18.2 ;
    %load/vec4 v0x5b2cb11d4530_0;
    %parti/s 16, 0, 2;
    %store/vec4 v0x5b2cb11d4610_0, 0, 16;
T_18.3 ;
T_18.1 ;
    %jmp T_18;
    .thread T_18, $push;
    .scope S_0x5b2cb11d4d70;
T_19 ;
    %wait E_0x5b2cb11d5150;
    %load/vec4 v0x5b2cb11d6ed0_0;
    %flag_set/vec4 8;
    %jmp/0xz  T_19.0, 8;
    %pushi/vec4 0, 0, 128;
    %assign/vec4 v0x5b2cb11d6fc0_0, 0;
    %jmp T_19.1;
T_19.0 ;
    %load/vec4 v0x5b2cb11d6c70_0;
    %flag_set/vec4 8;
    %jmp/0xz  T_19.2, 8;
    %load/vec4 v0x5b2cb11d6fc0_0;
    %parti/s 127, 0, 2;
    %load/vec4 v0x5b2cb11d6d30_0;
    %concat/vec4; draw_concat_vec4
    %assign/vec4 v0x5b2cb11d6fc0_0, 0;
T_19.2 ;
T_19.1 ;
    %jmp T_19;
    .thread T_19;
    .scope S_0x5b2cb11d7140;
T_20 ;
    %wait E_0x5b2cb11d5150;
    %load/vec4 v0x5b2cb11d92c0_0;
    %flag_set/vec4 8;
    %jmp/0xz  T_20.0, 8;
    %pushi/vec4 0, 0, 128;
    %assign/vec4 v0x5b2cb11d9360_0, 0;
    %jmp T_20.1;
T_20.0 ;
    %load/vec4 v0x5b2cb11d9060_0;
    %flag_set/vec4 8;
    %jmp/0xz  T_20.2, 8;
    %load/vec4 v0x5b2cb11d9360_0;
    %parti/s 127, 0, 2;
    %load/vec4 v0x5b2cb11d9120_0;
    %concat/vec4; draw_concat_vec4
    %assign/vec4 v0x5b2cb11d9360_0, 0;
T_20.2 ;
T_20.1 ;
    %jmp T_20;
    .thread T_20;
    .scope S_0x5b2cb1169ec0;
T_21 ;
    %pushi/vec4 0, 0, 1;
    %store/vec4 v0x5b2cb11dadf0_0, 0, 1;
    %end;
    .thread T_21;
    .scope S_0x5b2cb1169ec0;
T_22 ;
    %delay 5, 0;
    %load/vec4 v0x5b2cb11dadf0_0;
    %inv;
    %store/vec4 v0x5b2cb11dadf0_0, 0, 1;
    %jmp T_22;
    .thread T_22;
    .scope S_0x5b2cb1169ec0;
T_23 ;
    %pushi/vec4 305441741, 0, 32;
    %store/vec4 v0x5b2cb11db7a0_0, 0, 32;
    %pushi/vec4 0, 0, 32;
    %store/vec4 v0x5b2cb11db700_0, 0, 32;
    %pushi/vec4 1, 0, 1;
    %store/vec4 v0x5b2cb11db660_0, 0, 1;
    %pushi/vec4 0, 0, 8;
    %store/vec4 v0x5b2cb11dafc0_0, 0, 8;
    %vpi_call/w 3 124 "$dumpfile", "tb_top.vcd" {0 0 0};
    %vpi_call/w 3 125 "$dumpvars", 32'sb00000000000000000000000000000000, S_0x5b2cb1169ec0 {0 0 0};
    %delay 200, 0;
    %pushi/vec4 0, 0, 1;
    %store/vec4 v0x5b2cb11db660_0, 0, 1;
    %delay 5000000, 0;
    %vpi_call/w 3 133 "$finish" {0 0 0};
    %end;
    .thread T_23;
    .scope S_0x5b2cb1169ec0;
T_24 ;
    %wait E_0x5b2cb1164450;
    %load/vec4 v0x5b2cb11db660_0;
    %nor/r;
    %flag_set/vec4 8;
    %jmp/0xz  T_24.0, 8;
    %alloc S_0x5b2cb11d0060;
    %fork TD_tb_top.drive_next_sample, S_0x5b2cb11d0060;
    %join;
    %free S_0x5b2cb11d0060;
T_24.0 ;
    %jmp T_24;
    .thread T_24;
    .scope S_0x5b2cb1169ec0;
T_25 ;
T_25.0 ;
    %load/vec4 v0x5b2cb11db660_0;
    %pushi/vec4 0, 0, 1;
    %cmp/e;
    %flag_get/vec4 4;
    %cmpi/ne 1, 0, 1;
    %jmp/0xz T_25.1, 6;
    %wait E_0x5b2cb1164680;
    %jmp T_25.0;
T_25.1 ;
T_25.2 ;
    %delay 5000, 0;
    %alloc S_0x5b2cb11d0060;
    %fork TD_tb_top.drive_next_sample, S_0x5b2cb11d0060;
    %join;
    %free S_0x5b2cb11d0060;
    %jmp T_25.2;
    %end;
    .thread T_25;
# The file index is used to find the file name in the following table.
:file_names 11;
    "N/A";
    "<interactive>";
    "-";
    "tb_single.v";
    "top.v";
    "clkdivider.v";
    "dither.v";
    "dither_deadtime_count.v";
    "encoder.v";
    "convert.v";
    "shift_register_phase_shifter.v";
